LOBSTER v4.1.0 (g++ 7.5.0)
Copyright (C) 2021 by Chair of Solid-State and Quantum Chemistry, RWTH Aachen.
All rights reserved. Contributions by S. Maintz, V. L. Deringer, M. Esser, R. Nelson, C. Ertural, P. C. Mueller, A. L. Tchougreeff and R. Dronskowski
starting on host exp-2-09 on 2021-11-19 at 15:23:11 PST using 4 threads
detecting used PAW program... VASP
initializing PW system...
initializing Augmentations...
recommended basis functions:
B 2p 2s 
Mo 4d 5s 
V 3d 4s 
initializing LCAO system...
setting up local basis functions...
WARNING: You did not specify basis functions for the element V in the lobsterin file.
WARNING: Thus I will default to includeOrbitals spdf for V. Make sure this is ok!
WARNING: You did not specify basis functions for the element V in the lobsterin file.
WARNING: Thus I will default to includeOrbitals spdf for V. Make sure this is ok!
 B (pbeVaspFit2015) 2s 2p_y 2p_z 2p_x 
 V (pbeVaspFit2015) 4s 4p_y 4p_z 4p_x 3d_xy 3d_yz 3d_z^2 3d_xz 3d_x^2-y^2 
Mo (pbeVaspFit2015) 4s 3p_y 3p_z 3p_x 3d_xy 3d_yz 3d_z^2 3d_xz 3d_x^2-y^2 
setting up CO interactions... found 228 interactions.
projecting...
0%   10   20   30   40   50   60   70   80   90   100%
|----|----|----|----|----|----|----|----|----|----|
*****************************