LOBSTER v4.1.0 (g++ 7.5.0)
Copyright (C) 2021 by Chair of Solid-State and Quantum Chemistry, RWTH Aachen.
All rights reserved. Contributions by S. Maintz, V. L. Deringer, M. Esser, R. Nelson, C. Ertural, P. C. Mueller, A. L. Tchougreeff and R. Dronskowski
starting on host exp-1-01 on 2021-12-16 at 13:27:23 PST using 4 threads
detecting used PAW program... VASP
initializing PW system...
initializing Augmentations...
recommended basis functions:
B 2p 2s 
Mo 4d 5s 
V 3d 4s 
initializing LCAO system...
setting up local basis functions...
 B (pbeVaspFit2015) 2s 2p_y 2p_z 2p_x 
 V (pbeVaspFit2015) 4s 3p_y 3p_z 3p_x 3d_xy 3d_yz 3d_z^2 3d_xz 3d_x^2-y^2 
Mo (pbeVaspFit2015) 5s 4p_y 4p_z 4p_x 4d_xy 4d_yz 4d_z^2 4d_xz 4d_x^2-y^2 
setting up CO interactions... found 384 interactions.
projecting...
0%   10   20   30   40   50   60   70   80   90   100%
|----|----|----|----|----|----|----|----|----|----|
***************************************************

calculating overlaps...
post-processing projection...
WARNING: 196 of 666 k-points could not be orthonormalized with an accuracy of 1.0E-5.
WARNING: Generally, this is not a critical error. But to help you analyze it,
WARNING: I dumped the band overlap matrices to the file bandOverlaps.lobster.
WARNING: Please check how much they deviate from the identity matrix and decide to
WARNING: use your results only, if you are sure that this is ok.

abs. total  spilling:  25.20%
abs. charge spilling:   2.67%

calculating pDOS...
writing DOSCAR.lobster...
0%   10   20   30   40   50   60   70   80   90   100%
|----|----|----|----|----|----|----|----|----|----|
***************************************************

writing COOPCAR.lobster and ICOOPLIST.lobster...
0%   10   20   30   40   50   60   70   80   90   100%
|----|----|----|----|----|----|----|----|----|----|
*****